2023-07-17T06:19:03+00:00 CRITICAL syntax error, unexpected token ";", expecting ")" in C:\xampp\htdocs\shopclues\wp-content\plugins\contact_form.php on line 28

2023-07-17T06:19:12+00:00 CRITICAL syntax error, unexpected token ";", expecting ")" in C:\xampp\htdocs\shopclues\wp-content\plugins\contact_form.php on line 28

2023-07-17T06:19:12+00:00 CRITICAL syntax error, unexpected token ";", expecting ")" in C:\xampp\htdocs\shopclues\wp-content\plugins\contact_form.php on line 28

2023-07-17T06:41:04+00:00 CRITICAL Maximum execution time of 120 seconds exceeded in C:\xampp\htdocs\shopclues\wp-includes\functions.php on line 4550

2023-07-17T07:11:21+00:00 CRITICAL Uncaught Error: Call to a member function query() on null in C:\xampp\htdocs\shopclues\wp-content\plugins\form_data_list.php:6
Stack trace:
#0 C:\xampp\htdocs\shopclues\wp-content\plugins\contact_form.php(50): include()
#1 C:\xampp\htdocs\shopclues\wp-includes\class-wp-hook.php(308): form_data_list('')
#2 C:\xampp\htdocs\shopclues\wp-includes\class-wp-hook.php(332): WP_Hook->apply_filters('', Array)
#3 C:\xampp\htdocs\shopclues\wp-includes\plugin.php(517): WP_Hook->do_action(Array)
#4 C:\xampp\htdocs\shopclues\wp-admin\admin.php(259): do_action('toplevel_page_c...')
#5 {main}
  thrown in C:\xampp\htdocs\shopclues\wp-content\plugins\form_data_list.php on line 6

2023-07-17T07:14:15+00:00 CRITICAL Uncaught Error: Call to a member function get_results() on null in C:\xampp\htdocs\shopclues\wp-content\plugins\form_data_list.php:6
Stack trace:
#0 C:\xampp\htdocs\shopclues\wp-content\plugins\contact_form.php(50): include()
#1 C:\xampp\htdocs\shopclues\wp-includes\class-wp-hook.php(308): form_data_list('')
#2 C:\xampp\htdocs\shopclues\wp-includes\class-wp-hook.php(332): WP_Hook->apply_filters('', Array)
#3 C:\xampp\htdocs\shopclues\wp-includes\plugin.php(517): WP_Hook->do_action(Array)
#4 C:\xampp\htdocs\shopclues\wp-admin\admin.php(259): do_action('toplevel_page_c...')
#5 {main}
  thrown in C:\xampp\htdocs\shopclues\wp-content\plugins\form_data_list.php on line 6

2023-07-17T07:16:07+00:00 CRITICAL Uncaught Error: Call to a member function query() on null in C:\xampp\htdocs\shopclues\wp-content\plugins\form_data_list.php:6
Stack trace:
#0 C:\xampp\htdocs\shopclues\wp-content\plugins\contact_form.php(50): include()
#1 C:\xampp\htdocs\shopclues\wp-includes\class-wp-hook.php(308): form_data_list('')
#2 C:\xampp\htdocs\shopclues\wp-includes\class-wp-hook.php(332): WP_Hook->apply_filters('', Array)
#3 C:\xampp\htdocs\shopclues\wp-includes\plugin.php(517): WP_Hook->do_action(Array)
#4 C:\xampp\htdocs\shopclues\wp-admin\admin.php(259): do_action('toplevel_page_c...')
#5 {main}
  thrown in C:\xampp\htdocs\shopclues\wp-content\plugins\form_data_list.php on line 6

2023-07-17T07:18:03+00:00 CRITICAL Uncaught Error: Call to a member function query() on null in C:\xampp\htdocs\shopclues\wp-content\plugins\form_data_list.php:6
Stack trace:
#0 C:\xampp\htdocs\shopclues\wp-content\plugins\contact_form.php(50): include()
#1 C:\xampp\htdocs\shopclues\wp-includes\class-wp-hook.php(308): form_data_list('')
#2 C:\xampp\htdocs\shopclues\wp-includes\class-wp-hook.php(332): WP_Hook->apply_filters('', Array)
#3 C:\xampp\htdocs\shopclues\wp-includes\plugin.php(517): WP_Hook->do_action(Array)
#4 C:\xampp\htdocs\shopclues\wp-admin\admin.php(259): do_action('toplevel_page_c...')
#5 {main}
  thrown in C:\xampp\htdocs\shopclues\wp-content\plugins\form_data_list.php on line 6

2023-07-17T07:21:16+00:00 CRITICAL Uncaught Error: Call to a member function query() on null in C:\xampp\htdocs\shopclues\wp-content\plugins\form_data_list.php:6
Stack trace:
#0 C:\xampp\htdocs\shopclues\wp-content\plugins\contact_form.php(50): include()
#1 C:\xampp\htdocs\shopclues\wp-includes\class-wp-hook.php(308): form_data_list('')
#2 C:\xampp\htdocs\shopclues\wp-includes\class-wp-hook.php(332): WP_Hook->apply_filters('', Array)
#3 C:\xampp\htdocs\shopclues\wp-includes\plugin.php(517): WP_Hook->do_action(Array)
#4 C:\xampp\htdocs\shopclues\wp-admin\admin.php(259): do_action('toplevel_page_c...')
#5 {main}
  thrown in C:\xampp\htdocs\shopclues\wp-content\plugins\form_data_list.php on line 6

2023-07-17T07:30:18+00:00 CRITICAL Uncaught Error: Call to a member function query() on null in C:\xampp\htdocs\shopclues\wp-content\plugins\form_data_list.php:6
Stack trace:
#0 C:\xampp\htdocs\shopclues\wp-content\plugins\contact_form.php(50): include()
#1 C:\xampp\htdocs\shopclues\wp-includes\class-wp-hook.php(308): form_data_list('')
#2 C:\xampp\htdocs\shopclues\wp-includes\class-wp-hook.php(332): WP_Hook->apply_filters('', Array)
#3 C:\xampp\htdocs\shopclues\wp-includes\plugin.php(517): WP_Hook->do_action(Array)
#4 C:\xampp\htdocs\shopclues\wp-admin\admin.php(259): do_action('toplevel_page_c...')
#5 {main}
  thrown in C:\xampp\htdocs\shopclues\wp-content\plugins\form_data_list.php on line 6

2023-07-17T07:35:02+00:00 CRITICAL Uncaught Error: Call to a member function query() on null in C:\xampp\htdocs\shopclues\wp-content\plugins\contact_form.php:54
Stack trace:
#0 C:\xampp\htdocs\shopclues\wp-includes\class-wp-hook.php(308): form_data_list('')
#1 C:\xampp\htdocs\shopclues\wp-includes\class-wp-hook.php(332): WP_Hook->apply_filters('', Array)
#2 C:\xampp\htdocs\shopclues\wp-includes\plugin.php(517): WP_Hook->do_action(Array)
#3 C:\xampp\htdocs\shopclues\wp-admin\admin.php(259): do_action('toplevel_page_c...')
#4 {main}
  thrown in C:\xampp\htdocs\shopclues\wp-content\plugins\contact_form.php on line 54

2023-07-17T07:35:41+00:00 CRITICAL Uncaught Error: Call to a member function query() on null in C:\xampp\htdocs\shopclues\wp-content\plugins\form_data_list.php:6
Stack trace:
#0 C:\xampp\htdocs\shopclues\wp-content\plugins\contact_form.php(50): include()
#1 C:\xampp\htdocs\shopclues\wp-includes\class-wp-hook.php(308): form_data_list('')
#2 C:\xampp\htdocs\shopclues\wp-includes\class-wp-hook.php(332): WP_Hook->apply_filters('', Array)
#3 C:\xampp\htdocs\shopclues\wp-includes\plugin.php(517): WP_Hook->do_action(Array)
#4 C:\xampp\htdocs\shopclues\wp-admin\admin.php(259): do_action('toplevel_page_c...')
#5 {main}
  thrown in C:\xampp\htdocs\shopclues\wp-content\plugins\form_data_list.php on line 6

2023-07-17T07:52:38+00:00 CRITICAL Uncaught Error: Call to undefined function fetch_assoc() in C:\xampp\htdocs\shopclues\wp-content\plugins\form_data_list.php:24
Stack trace:
#0 C:\xampp\htdocs\shopclues\wp-content\plugins\contact_form.php(50): include()
#1 C:\xampp\htdocs\shopclues\wp-includes\class-wp-hook.php(308): form_data_list('')
#2 C:\xampp\htdocs\shopclues\wp-includes\class-wp-hook.php(332): WP_Hook->apply_filters('', Array)
#3 C:\xampp\htdocs\shopclues\wp-includes\plugin.php(517): WP_Hook->do_action(Array)
#4 C:\xampp\htdocs\shopclues\wp-admin\admin.php(259): do_action('toplevel_page_c...')
#5 {main}
  thrown in C:\xampp\htdocs\shopclues\wp-content\plugins\form_data_list.php on line 24

2023-07-17T07:53:40+00:00 CRITICAL Uncaught Error: Call to a member function fetch_assoc() on array in C:\xampp\htdocs\shopclues\wp-content\plugins\form_data_list.php:24
Stack trace:
#0 C:\xampp\htdocs\shopclues\wp-content\plugins\contact_form.php(50): include()
#1 C:\xampp\htdocs\shopclues\wp-includes\class-wp-hook.php(308): form_data_list('')
#2 C:\xampp\htdocs\shopclues\wp-includes\class-wp-hook.php(332): WP_Hook->apply_filters('', Array)
#3 C:\xampp\htdocs\shopclues\wp-includes\plugin.php(517): WP_Hook->do_action(Array)
#4 C:\xampp\htdocs\shopclues\wp-admin\admin.php(259): do_action('toplevel_page_c...')
#5 {main}
  thrown in C:\xampp\htdocs\shopclues\wp-content\plugins\form_data_list.php on line 24

2023-07-17T07:57:35+00:00 CRITICAL Uncaught Error: Call to a member function fetch_assoc() on null in C:\xampp\htdocs\shopclues\wp-content\plugins\form_data_list.php:24
Stack trace:
#0 C:\xampp\htdocs\shopclues\wp-content\plugins\contact_form.php(50): include()
#1 C:\xampp\htdocs\shopclues\wp-includes\class-wp-hook.php(308): form_data_list('')
#2 C:\xampp\htdocs\shopclues\wp-includes\class-wp-hook.php(332): WP_Hook->apply_filters('', Array)
#3 C:\xampp\htdocs\shopclues\wp-includes\plugin.php(517): WP_Hook->do_action(Array)
#4 C:\xampp\htdocs\shopclues\wp-admin\admin.php(259): do_action('toplevel_page_c...')
#5 {main}
  thrown in C:\xampp\htdocs\shopclues\wp-content\plugins\form_data_list.php on line 24

